<?xml version="1.0" encoding="UTF-8"?>
<testng-results ignored="0" total="1" passed="1" failed="0" skipped="0">
  <reporter-output>
    <line>
      <![CDATA[actiTIME - Login]]>
    </line>
    <line>
      <![CDATA[http://localhost/login.do]]>
    </line>
  </reporter-output>
  <suite started-at="2021-05-14T11:13:03 IST" name="Default suite" finished-at="2021-05-14T11:13:09 IST" duration-ms="5496">
    <groups>
    </groups>
    <test started-at="2021-05-14T11:13:03 IST" name="Default test" finished-at="2021-05-14T11:13:09 IST" duration-ms="5496">
      <class name="testNG.TestCase1">
        <test-method is-config="true" signature="openBrowser()[pri:0, instance:testNG.TestCase1@1649b0e6]" started-at="2021-05-14T11:13:04 IST" name="openBrowser" finished-at="2021-05-14T11:13:07 IST" duration-ms="3427" status="PASS">
          <reporter-output>
          </reporter-output>
        </test-method> <!-- openBrowser -->
        <test-method signature="openApp()[pri:0, instance:testNG.TestCase1@1649b0e6]" started-at="2021-05-14T11:13:07 IST" name="openApp" finished-at="2021-05-14T11:13:09 IST" duration-ms="1728" status="PASS">
          <reporter-output>
            <line>
              <![CDATA[actiTIME - Login]]>
            </line>
            <line>
              <![CDATA[http://localhost/login.do]]>
            </line>
          </reporter-output>
        </test-method> <!-- openApp -->
        <test-method is-config="true" signature="closeApp()[pri:0, instance:testNG.TestCase1@1649b0e6]" started-at="2021-05-14T11:13:09 IST" name="closeApp" finished-at="2021-05-14T11:13:09 IST" duration-ms="269" status="PASS">
          <reporter-output>
          </reporter-output>
        </test-method> <!-- closeApp -->
      </class> <!-- testNG.TestCase1 -->
    </test> <!-- Default test -->
  </suite> <!-- Default suite -->
</testng-results>
